<?xml version="1.0" encoding="UTF-8"?>
<testng-results ignored="0" total="1" passed="1" failed="0" skipped="0">
  <reporter-output>
  </reporter-output>
  <suite started-at="2022-07-04T01:57:55 IST" name="Default suite" finished-at="2022-07-04T01:58:00 IST" duration-ms="5253">
    <groups>
    </groups>
    <test started-at="2022-07-04T01:57:55 IST" name="Default test" finished-at="2022-07-04T01:58:00 IST" duration-ms="5253">
      <class name="Booker.GetBookingIdsByCheckInAndCheckOutDates">
        <test-method signature="getBookingId()[pri:0, instance:Booker.GetBookingIdsByCheckInAndCheckOutDates@446293d]" started-at="2022-07-04T01:57:55 IST" name="getBookingId" finished-at="2022-07-04T01:58:00 IST" duration-ms="5095" status="PASS">
          <reporter-output>
          </reporter-output>
        </test-method> <!-- getBookingId -->
      </class> <!-- Booker.GetBookingIdsByCheckInAndCheckOutDates -->
    </test> <!-- Default test -->
  </suite> <!-- Default suite -->
</testng-results>
