<?xml version="1.0" encoding="UTF-8"?>
<testng-results ignored="0" total="1" passed="1" failed="0" skipped="0">
  <reporter-output>
  </reporter-output>
  <suite started-at="2022-07-03T23:24:11 IST" name="Default suite" finished-at="2022-07-03T23:24:53 IST" duration-ms="42295">
    <groups>
    </groups>
    <test started-at="2022-07-03T23:24:11 IST" name="Default test" finished-at="2022-07-03T23:24:53 IST" duration-ms="42295">
      <class name="UpdateFirstName.UpdateFirstName">
        <test-method signature="UpdateUser()[pri:0, instance:UpdateFirstName.UpdateFirstName@49c7b90e]" started-at="2022-07-03T23:24:11 IST" name="UpdateUser" finished-at="2022-07-03T23:24:53 IST" duration-ms="42196" status="PASS">
          <reporter-output>
          </reporter-output>
        </test-method> <!-- UpdateUser -->
      </class> <!-- UpdateFirstName.UpdateFirstName -->
    </test> <!-- Default test -->
  </suite> <!-- Default suite -->
</testng-results>
