<?xml version="1.0" encoding="UTF-8"?>
<testng-results ignored="0" total="1" passed="1" failed="0" skipped="0">
  <reporter-output>
  </reporter-output>
  <suite started-at="2022-07-07T02:09:11 IST" name="Default suite" finished-at="2022-07-07T02:10:13 IST" duration-ms="61714">
    <groups>
    </groups>
    <test started-at="2022-07-07T02:09:11 IST" name="Default test" finished-at="2022-07-07T02:10:13 IST" duration-ms="61714">
      <class name="PomRetrieve.TestRetrieve">
        <test-method is-config="true" signature="setup()[pri:0, instance:PomRetrieve.TestRetrieve@194bcebf]" started-at="2022-07-07T02:09:11 IST" name="setup" finished-at="2022-07-07T02:09:47 IST" duration-ms="36119" status="PASS">
          <reporter-output>
          </reporter-output>
        </test-method> <!-- setup -->
        <test-method signature="test_Page_Appear_Correct()[pri:0, instance:PomRetrieve.TestRetrieve@194bcebf]" started-at="2022-07-07T02:09:47 IST" name="test_Page_Appear_Correct" finished-at="2022-07-07T02:10:13 IST" duration-ms="25533" status="PASS">
          <reporter-output>
          </reporter-output>
        </test-method> <!-- test_Page_Appear_Correct -->
      </class> <!-- PomRetrieve.TestRetrieve -->
    </test> <!-- Default test -->
  </suite> <!-- Default suite -->
</testng-results>
